;;; 
Export: Release 21.0.0.0.0 - Production on Thu Oct 16 07:00:30 2025
Version 21.3.0.0.0

Copyright (c) 1982, 2021, Oracle and/or its affiliates.  All rights reserved.
;;; 
Connected to: Oracle Database 21c Express Edition Release 21.0.0.0.0 - Production
Starting "SYSTEM"."SYS_EXPORT_SCHEMA_01":  system/********@XE schemas=GYM_ADMIN directory=BACKUP_DIR dumpfile=gym_admin_2025-10-16_0700.dmp logfile=gym_admin_export_2025-10-16_0700.log 
Processing object type SCHEMA_EXPORT/TABLE/TABLE_DATA
Processing object type SCHEMA_EXPORT/PACKAGE/PACKAGE_BODY
Processing object type SCHEMA_EXPORT/TABLE/INDEX/STATISTICS/INDEX_STATISTICS
Processing object type SCHEMA_EXPORT/TABLE/STATISTICS/TABLE_STATISTICS
Processing object type SCHEMA_EXPORT/STATISTICS/MARKER
Processing object type SCHEMA_EXPORT/ROLE_GRANT
Processing object type SCHEMA_EXPORT/DEFAULT_ROLE
Processing object type SCHEMA_EXPORT/TABLESPACE_QUOTA
Processing object type SCHEMA_EXPORT/PRE_SCHEMA/PROCACT_SCHEMA
Processing object type SCHEMA_EXPORT/TABLE/TABLE
Processing object type SCHEMA_EXPORT/TABLE/IDENTITY_COLUMN
Processing object type SCHEMA_EXPORT/PACKAGE/PACKAGE_SPEC
Processing object type SCHEMA_EXPORT/PACKAGE/COMPILE_PACKAGE/PACKAGE_SPEC/ALTER_PACKAGE_SPEC
Processing object type SCHEMA_EXPORT/TABLE/CONSTRAINT/CONSTRAINT
Processing object type SCHEMA_EXPORT/TABLE/CONSTRAINT/REF_CONSTRAINT
Processing object type SCHEMA_EXPORT/TABLE/TRIGGER
. . exported "GYM_ADMIN"."MEMBERS"                       12.55 KB     100 rows
. . exported "GYM_ADMIN"."ROUTINES"                      11.13 KB     110 rows
. . exported "GYM_ADMIN"."MEMBERSHIPS"                   10.46 KB     105 rows
. . exported "GYM_ADMIN"."EXERCISES"                     11.64 KB     113 rows
. . exported "GYM_ADMIN"."PLANS"                         6.523 KB       3 rows
. . exported "GYM_ADMIN"."PAYMENTS"                      8.671 KB     105 rows
. . exported "GYM_ADMIN"."TRAINERS"                      9.046 KB     105 rows
. . exported "GYM_ADMIN"."ATTENDANCES"                   9.656 KB     206 rows
. . exported "GYM_ADMIN"."ROUTINE_EXERCISES"             7.546 KB     210 rows
. . exported "GYM_ADMIN"."MEMBERS_AUDIT"                 8.609 KB       4 rows
. . exported "GYM_ADMIN"."PAYMENTS_AUDIT"                8.992 KB       5 rows
Master table "SYSTEM"."SYS_EXPORT_SCHEMA_01" successfully loaded/unloaded
******************************************************************************
Dump file set for SYSTEM.SYS_EXPORT_SCHEMA_01 is:
  /opt/oracle/backups/gym_admin_2025-10-16_0700.dmp
Job "SYSTEM"."SYS_EXPORT_SCHEMA_01" successfully completed at Thu Oct 16 07:03:26 2025 elapsed 0 00:00:48
